{
  "seleniumLog": [
    {
      "commandName": "cucmber.navigateToURL",
      "args": [
        "[https://www.mayoclinic.org/]"
      ],
      "result": "fail",
      "subLogs": [],
      "duration": -1
    }
  ],
  "checkPoints": [
    {
      "message": "Given I open browser to webpage \"https://www.mayoclinic.org/\"",
      "type": "TestStepFail",
      "screenshot": "",
      "duration": 26,
      "threshold": 0,
      "subCheckPoints": [
        {
          "message": "Timed out after 0 seconds: Unable to create driver instance in 1st attempt with retry timeout of 60 seconds. You can check/set value of 'driver.init.retry.timeout' appropriately to set retry timeout on driver initialization failure.\nBuild info: version: '2.53.0', revision: '35ae25b1534ae328c771e0856c93e187490ca824', time: '2016-03-15 10:43:46'\nSystem info: host: 'LAPTOP-AOMQI711', ip: '192.168.2.12', os.name: 'Windows 11', os.arch: 'amd64', os.version: '10.0', java.version: '11.0.15'\nDriver info: driver.version: unknown",
          "type": "Fail",
          "screenshot": null,
          "duration": 0,
          "threshold": 0,
          "subCheckPoints": []
        }
      ]
    }
  ],
  "errorTrace": "org.openqa.selenium.TimeoutException: Timed out after 0 seconds: Unable to create driver instance in 1st attempt with retry timeout of 60 seconds. You can check/set value of 'driver.init.retry.timeout' appropriately to set retry timeout on driver initialization failure.\nBuild info: version: '2.53.0', revision: '35ae25b1534ae328c771e0856c93e187490ca824', time: '2016-03-15 10:43:46'\nSystem info: host: 'LAPTOP-AOMQI711', ip: '192.168.2.12', os.name: 'Windows 11', os.arch: 'amd64', os.version: '10.0', java.version: '11.0.15'\nDriver info: driver.version: unknown\r\n\tat .Given I open browser to webpage \"https://www.mayoclinic.org/\"(src/main/resources/scenarios/mayoTests.feature:5)\r\n\tat com.qmetry.qaf.automation.ui.util.DynamicWait.until(DynamicWait.java:168)\r\n\tat com.qmetry.qaf.automation.core.QAFTestBase.init(QAFTestBase.java:478)\r\n\tat com.qmetry.qaf.automation.core.QAFTestBase.getUiDriver(QAFTestBase.java:253)\r\n\tat com.qmetry.qaf.automation.ui.WebDriverTestBase.getDriver(WebDriverTestBase.java:44)\r\n\tat com.qmetry.qaf.automation.step.CommonStep.get_aroundBody24(CommonStep.java:296)\r\n\tat com.qmetry.qaf.automation.step.JavaStepReporter.javaTestStep(JavaStepReporter.java:93)\r\n\tat com.qmetry.qaf.automation.step.CommonStep.get(CommonStep.java:295)\r\n\tat com.quantum.steps.PerfectoApplicationSteps.navigateToURL(PerfectoApplicationSteps.java:576)\r\n\tat com.qmetry.qaf.automation.step.JavaStep.doExecute(JavaStep.java:150)\r\n\tat com.qmetry.qaf.automation.step.BaseTestStep.execute(BaseTestStep.java:149)\r\n\tat com.qmetry.qaf.automation.step.StringTestStep.execute(StringTestStep.java:127)\r\n\tat com.qmetry.qaf.automation.step.client.Scenario.execute(Scenario.java:174)\r\n\tat com.qmetry.qaf.automation.step.client.Scenario.scenario(Scenario.java:237)\r\n\tat java.base/java.util.concurrent.FutureTask.run(FutureTask.java:264)\r\n\tat java.base/java.util.concurrent.ThreadPoolExecutor.runWorker(ThreadPoolExecutor.java:1128)\r\n\tat java.base/java.util.concurrent.ThreadPoolExecutor$Worker.run(ThreadPoolExecutor.java:628)\r\n\tat java.base/java.lang.Thread.run(Thread.java:829)\r\nCaused by: org.openqa.selenium.WebDriverException: Unable to create driver instance in 1st attempt with retry timeout of 60 seconds. You can check/set value of 'driver.init.retry.timeout' appropriately to set retry timeout on driver initialization failure.\nBuild info: version: '2.53.0', revision: '35ae25b1534ae328c771e0856c93e187490ca824', time: '2016-03-15 10:43:46'\nSystem info: host: 'LAPTOP-AOMQI711', ip: '192.168.2.12', os.name: 'Windows 11', os.arch: 'amd64', os.version: '10.0', java.version: '11.0.15'\nDriver info: driver.version: unknown\r\n\tat com.qmetry.qaf.automation.core.QAFTestBase$DriverInitExpectedCondition.apply(QAFTestBase.java:572)\r\n\tat com.qmetry.qaf.automation.core.QAFTestBase$DriverInitExpectedCondition.apply(QAFTestBase.java:1)\r\n\tat com.qmetry.qaf.automation.ui.util.DynamicWait.until(DynamicWait.java:147)\r\n\tat com.qmetry.qaf.automation.core.QAFTestBase.init(QAFTestBase.java:478)\r\n\tat com.qmetry.qaf.automation.core.QAFTestBase.getUiDriver(QAFTestBase.java:253)\r\n\tat com.qmetry.qaf.automation.ui.WebDriverTestBase.getDriver(WebDriverTestBase.java:44)\r\n\tat com.qmetry.qaf.automation.step.CommonStep.get_aroundBody24(CommonStep.java:296)\r\n\tat com.qmetry.qaf.automation.step.CommonStep$AjcClosure25.run(CommonStep.java:1)\r\n\tat org.aspectj.runtime.reflect.JoinPointImpl.proceed(JoinPointImpl.java:167)\r\n\tat com.qmetry.qaf.automation.step.JavaStepReporter.javaTestStep(JavaStepReporter.java:93)\r\n\tat com.qmetry.qaf.automation.step.CommonStep.get(CommonStep.java:295)\r\n\tat com.quantum.steps.PerfectoApplicationSteps.navigateToURL(PerfectoApplicationSteps.java:576)\r\n\tat java.base/jdk.internal.reflect.NativeMethodAccessorImpl.invoke0(Native Method)\r\n\tat java.base/jdk.internal.reflect.NativeMethodAccessorImpl.invoke(NativeMethodAccessorImpl.java:62)\r\n\tat java.base/jdk.internal.reflect.DelegatingMethodAccessorImpl.invoke(DelegatingMethodAccessorImpl.java:43)\r\n\tat java.base/java.lang.reflect.Method.invoke(Method.java:566)\r\n\tat com.qmetry.qaf.automation.step.JavaStep.doExecute(JavaStep.java:150)\r\n\tat com.qmetry.qaf.automation.step.BaseTestStep.execute(BaseTestStep.java:149)\r\n\tat com.qmetry.qaf.automation.step.StringTestStep.execute(StringTestStep.java:127)\r\n\tat com.qmetry.qaf.automation.step.client.Scenario.execute(Scenario.java:174)\r\n\tat com.qmetry.qaf.automation.step.client.Scenario.scenario(Scenario.java:237)\r\n\tat java.base/jdk.internal.reflect.NativeMethodAccessorImpl.invoke0(Native Method)\r\n\tat java.base/jdk.internal.reflect.NativeMethodAccessorImpl.invoke(NativeMethodAccessorImpl.java:62)\r\n\tat java.base/jdk.internal.reflect.DelegatingMethodAccessorImpl.invoke(DelegatingMethodAccessorImpl.java:43)\r\n\tat java.base/java.lang.reflect.Method.invoke(Method.java:566)\r\n\tat org.testng.internal.MethodInvocationHelper.invokeMethod(MethodInvocationHelper.java:104)\r\n\tat org.testng.internal.Invoker.invokeMethod(Invoker.java:645)\r\n\tat org.testng.internal.Invoker.invokeTestMethod(Invoker.java:851)\r\n\tat org.testng.internal.Invoker.invokeTestMethods(Invoker.java:1177)\r\n\tat org.testng.internal.TestMethodWorker.invokeTestMethods(TestMethodWorker.java:129)\r\n\tat org.testng.internal.TestMethodWorker.run(TestMethodWorker.java:112)\r\n\tat org.testng.TestRunner.privateRun(TestRunner.java:778)\r\n\tat org.testng.TestRunner.run(TestRunner.java:632)\r\n\tat org.testng.SuiteRunner.runTest(SuiteRunner.java:387)\r\n\tat org.testng.SuiteRunner.access$000(SuiteRunner.java:39)\r\n\tat org.testng.SuiteRunner$SuiteWorker.run(SuiteRunner.java:421)\r\n\tat org.testng.internal.thread.ThreadUtil$2.call(ThreadUtil.java:64)\r\n\t... 4 more\r\n"
}